# JRE version: OpenJDK Runtime Environment Temurin-17.0.10+7 (17.0.10+7) (build 17.0.10+7)
# Java VM: OpenJDK 64-Bit Server VM Temurin-17.0.10+7 (17.0.10+7, mixed mode, tiered, compressed oops, compressed class ptrs, parallel gc, windows-amd64)
GC Precious Log:
 CPUs: 8 total, 8 available
 Memory: 6058M
 Large Page Support: Disabled
 NUMA Support: Disabled
 Compressed Oops: Enabled (32-bit)
 Alignments: Space 512K, Generation 512K, Heap 2M
 Heap Min Capacity: 100M
 Heap Initial Capacity: 100M
 Heap Max Capacity: 1G
 Pre-touch: Disabled
 Parallel Workers: 8
Heap:
 PSYoungGen      total 13312K, used 11664K [0x00000000eab00000, 0x00000000ec480000, 0x0000000100000000)
  eden space 4608K, 72% used [0x00000000eab00000,0x00000000eae3e040,0x00000000eaf80000)
  from space 8704K, 95% used [0x00000000ebc00000,0x00000000ec426298,0x00000000ec480000)
  to   space 9728K, 0% used [0x00000000eb180000,0x00000000eb180000,0x00000000ebb00000)
 ParOldGen       total 322560K, used 309173K [0x00000000c0000000, 0x00000000d3b00000, 0x00000000eab00000)
  object space 322560K, 95% used [0x00000000c0000000,0x00000000d2ded7a8,0x00000000d3b00000)
 Metaspace       used 54725K, committed 55616K, reserved 1114112K
  class space    used 5890K, committed 6272K, reserved 1048576K
GC Heap History (20 events):
Event: 45.649 GC heap before
{Heap before GC invocations=185 (full 12):
 PSYoungGen      total 4096K, used 3823K [0x00000000eab00000, 0x00000000eb300000, 0x0000000100000000)
  eden space 1024K, 100% used [0x00000000eab00000,0x00000000eac00000,0x00000000eac00000)
  from space 3072K, 91% used [0x00000000eb000000,0x00000000eb2bbe30,0x00000000eb300000)
  to   space 3072K, 0% used [0x00000000ead00000,0x00000000ead00000,0x00000000eb000000)
 ParOldGen       total 322560K, used 288171K [0x00000000c0000000, 0x00000000d3b00000, 0x00000000eab00000)
  object space 322560K, 89% used [0x00000000c0000000,0x00000000d196ace0,0x00000000d3b00000)
 Metaspace       used 54702K, committed 55616K, reserved 1114112K
  class space    used 5890K, committed 6272K, reserved 1048576K
}
Event: 45.654 GC heap after
{Heap after GC invocations=185 (full 12):
 PSYoungGen      total 4608K, used 3055K [0x00000000eab00000, 0x00000000eb480000, 0x0000000100000000)
  eden space 1536K, 0% used [0x00000000eab00000,0x00000000eab00000,0x00000000eac80000)
  from space 3072K, 99% used [0x00000000ead00000,0x00000000eaffbc60,0x00000000eb000000)
  to   space 4096K, 0% used [0x00000000eb080000,0x00000000eb080000,0x00000000eb480000)
 ParOldGen       total 322560K, used 288872K [0x00000000c0000000, 0x00000000d3b00000, 0x00000000eab00000)
  object space 322560K, 89% used [0x00000000c0000000,0x00000000d1a1a230,0x00000000d3b00000)
 Metaspace       used 54702K, committed 55616K, reserved 1114112K
  class space    used 5890K, committed 6272K, reserved 1048576K
}
Event: 45.737 GC heap before
{Heap before GC invocations=186 (full 12):
 PSYoungGen      total 4608K, used 4572K [0x00000000eab00000, 0x00000000eb480000, 0x0000000100000000)
  eden space 1536K, 98% used [0x00000000eab00000,0x00000000eac7b630,0x00000000eac80000)
  from space 3072K, 99% used [0x00000000ead00000,0x00000000eaffbc60,0x00000000eb000000)
  to   space 4096K, 0% used [0x00000000eb080000,0x00000000eb080000,0x00000000eb480000)
 ParOldGen       total 322560K, used 288872K [0x00000000c0000000, 0x00000000d3b00000, 0x00000000eab00000)
  object space 322560K, 89% used [0x00000000c0000000,0x00000000d1a1a230,0x00000000d3b00000)
 Metaspace       used 54702K, committed 55616K, reserved 1114112K
  class space    used 5890K, committed 6272K, reserved 1048576K
}
Event: 45.747 GC heap after
{Heap after GC invocations=186 (full 12):
 PSYoungGen      total 4608K, used 2527K [0x00000000eab00000, 0x00000000eb300000, 0x0000000100000000)
  eden space 2048K, 0% used [0x00000000eab00000,0x00000000eab00000,0x00000000ead00000)
  from space 2560K, 98% used [0x00000000eb080000,0x00000000eb2f7c60,0x00000000eb300000)
  to   space 3072K, 0% used [0x00000000ead00000,0x00000000ead00000,0x00000000eb000000)
 ParOldGen       total 322560K, used 291002K [0x00000000c0000000, 0x00000000d3b00000, 0x00000000eab00000)
  object space 322560K, 90% used [0x00000000c0000000,0x00000000d1c2eb50,0x00000000d3b00000)
 Metaspace       used 54702K, committed 55616K, reserved 1114112K
  class space    used 5890K, committed 6272K, reserved 1048576K
}
Event: 45.806 GC heap before
{Heap before GC invocations=187 (full 12):
 PSYoungGen      total 4608K, used 4575K [0x00000000eab00000, 0x00000000eb300000, 0x0000000100000000)
  eden space 2048K, 100% used [0x00000000eab00000,0x00000000ead00000,0x00000000ead00000)
  from space 2560K, 98% used [0x00000000eb080000,0x00000000eb2f7c60,0x00000000eb300000)
  to   space 3072K, 0% used [0x00000000ead00000,0x00000000ead00000,0x00000000eb000000)
 ParOldGen       total 322560K, used 291002K [0x00000000c0000000, 0x00000000d3b00000, 0x00000000eab00000)
  object space 322560K, 90% used [0x00000000c0000000,0x00000000d1c2eb50,0x00000000d3b00000)
 Metaspace       used 54702K, committed 55616K, reserved 1114112K
  class space    used 5890K, committed 6272K, reserved 1048576K
}
Event: 45.814 GC heap after
{Heap after GC invocations=187 (full 12):
 PSYoungGen      total 5120K, used 3043K [0x00000000eab00000, 0x00000000eb780000, 0x0000000100000000)
  eden space 2048K, 0% used [0x00000000eab00000,0x00000000eab00000,0x00000000ead00000)
  from space 3072K, 99% used [0x00000000ead00000,0x00000000eaff8c08,0x00000000eb000000)
  to   space 5120K, 0% used [0x00000000eb280000,0x00000000eb280000,0x00000000eb780000)
 ParOldGen       total 322560K, used 292419K [0x00000000c0000000, 0x00000000d3b00000, 0x00000000eab00000)
  object space 322560K, 90% used [0x00000000c0000000,0x00000000d1d90f00,0x00000000d3b00000)
 Metaspace       used 54702K, committed 55616K, reserved 1114112K
  class space    used 5890K, committed 6272K, reserved 1048576K
}
Event: 45.927 GC heap before
{Heap before GC invocations=188 (full 12):
 PSYoungGen      total 5120K, used 5091K [0x00000000eab00000, 0x00000000eb780000, 0x0000000100000000)
  eden space 2048K, 100% used [0x00000000eab00000,0x00000000ead00000,0x00000000ead00000)
  from space 3072K, 99% used [0x00000000ead00000,0x00000000eaff8c08,0x00000000eb000000)
  to   space 5120K, 0% used [0x00000000eb280000,0x00000000eb280000,0x00000000eb780000)
 ParOldGen       total 322560K, used 293763K [0x00000000c0000000, 0x00000000d3b00000, 0x00000000eab00000)
  object space 322560K, 91% used [0x00000000c0000000,0x00000000d1ee0f00,0x00000000d3b00000)
 Metaspace       used 54702K, committed 55616K, reserved 1114112K
  class space    used 5890K, committed 6272K, reserved 1048576K
}
Event: 45.936 GC heap after
{Heap after GC invocations=188 (full 12):
 PSYoungGen      total 7680K, used 4527K [0x00000000eab00000, 0x00000000eb780000, 0x0000000100000000)
  eden space 2560K, 0% used [0x00000000eab00000,0x00000000eab00000,0x00000000ead80000)
  from space 5120K, 88% used [0x00000000eb280000,0x00000000eb6ebe30,0x00000000eb780000)
  to   space 5120K, 0% used [0x00000000ead80000,0x00000000ead80000,0x00000000eb280000)
 ParOldGen       total 322560K, used 294473K [0x00000000c0000000, 0x00000000d3b00000, 0x00000000eab00000)
  object space 322560K, 91% used [0x00000000c0000000,0x00000000d1f92750,0x00000000d3b00000)
 Metaspace       used 54702K, committed 55616K, reserved 1114112K
  class space    used 5890K, committed 6272K, reserved 1048576K
}
Event: 46.081 GC heap before
{Heap before GC invocations=189 (full 12):
 PSYoungGen      total 7680K, used 7087K [0x00000000eab00000, 0x00000000eb780000, 0x0000000100000000)
  eden space 2560K, 100% used [0x00000000eab00000,0x00000000ead80000,0x00000000ead80000)
  from space 5120K, 88% used [0x00000000eb280000,0x00000000eb6ebe30,0x00000000eb780000)
  to   space 5120K, 0% used [0x00000000ead80000,0x00000000ead80000,0x00000000eb280000)
 ParOldGen       total 322560K, used 294473K [0x00000000c0000000, 0x00000000d3b00000, 0x00000000eab00000)
  object space 322560K, 91% used [0x00000000c0000000,0x00000000d1f92750,0x00000000d3b00000)
 Metaspace       used 54702K, committed 55616K, reserved 1114112K
  class space    used 5890K, committed 6272K, reserved 1048576K
}
Event: 46.093 GC heap after
{Heap after GC invocations=189 (full 12):
 PSYoungGen      total 7680K, used 5099K [0x00000000eab00000, 0x00000000ebd00000, 0x0000000100000000)
  eden space 2560K, 0% used [0x00000000eab00000,0x00000000eab00000,0x00000000ead80000)
  from space 5120K, 99% used [0x00000000ead80000,0x00000000eb27adc8,0x00000000eb280000)
  to   space 7680K, 0% used [0x00000000eb580000,0x00000000eb580000,0x00000000ebd00000)
 ParOldGen       total 322560K, used 296300K [0x00000000c0000000, 0x00000000d3b00000, 0x00000000eab00000)
  object space 322560K, 91% used [0x00000000c0000000,0x00000000d215b0e0,0x00000000d3b00000)
 Metaspace       used 54702K, committed 55616K, reserved 1114112K
  class space    used 5890K, committed 6272K, reserved 1048576K
}
Event: 46.208 GC heap before
{Heap before GC invocations=190 (full 12):
 PSYoungGen      total 7680K, used 6988K [0x00000000eab00000, 0x00000000ebd00000, 0x0000000100000000)
  eden space 2560K, 73% used [0x00000000eab00000,0x00000000eacd82b0,0x00000000ead80000)
  from space 5120K, 99% used [0x00000000ead80000,0x00000000eb27adc8,0x00000000eb280000)
  to   space 7680K, 0% used [0x00000000eb580000,0x00000000eb580000,0x00000000ebd00000)
 ParOldGen       total 322560K, used 296300K [0x00000000c0000000, 0x00000000d3b00000, 0x00000000eab00000)
  object space 322560K, 91% used [0x00000000c0000000,0x00000000d215b0e0,0x00000000d3b00000)
 Metaspace       used 54702K, committed 55616K, reserved 1114112K
  class space    used 5890K, committed 6272K, reserved 1048576K
}
Event: 46.220 GC heap after
{Heap after GC invocations=190 (full 12):
 PSYoungGen      total 8192K, used 4919K [0x00000000eab00000, 0x00000000eba80000, 0x0000000100000000)
  eden space 3072K, 0% used [0x00000000eab00000,0x00000000eab00000,0x00000000eae00000)
  from space 5120K, 96% used [0x00000000eb580000,0x00000000eba4dcc0,0x00000000eba80000)
  to   space 6144K, 0% used [0x00000000eae80000,0x00000000eae80000,0x00000000eb480000)
 ParOldGen       total 322560K, used 298498K [0x00000000c0000000, 0x00000000d3b00000, 0x00000000eab00000)
  object space 322560K, 92% used [0x00000000c0000000,0x00000000d2380a30,0x00000000d3b00000)
 Metaspace       used 54702K, committed 55616K, reserved 1114112K
  class space    used 5890K, committed 6272K, reserved 1048576K
}
Event: 46.320 GC heap before
{Heap before GC invocations=191 (full 12):
 PSYoungGen      total 8192K, used 7991K [0x00000000eab00000, 0x00000000eba80000, 0x0000000100000000)
  eden space 3072K, 100% used [0x00000000eab00000,0x00000000eae00000,0x00000000eae00000)
  from space 5120K, 96% used [0x00000000eb580000,0x00000000eba4dcc0,0x00000000eba80000)
  to   space 6144K, 0% used [0x00000000eae80000,0x00000000eae80000,0x00000000eb480000)
 ParOldGen       total 322560K, used 298498K [0x00000000c0000000, 0x00000000d3b00000, 0x00000000eab00000)
  object space 322560K, 92% used [0x00000000c0000000,0x00000000d2380a30,0x00000000d3b00000)
 Metaspace       used 54703K, committed 55616K, reserved 1114112K
  class space    used 5890K, committed 6272K, reserved 1048576K
}
Event: 46.332 GC heap after
{Heap after GC invocations=191 (full 12):
 PSYoungGen      total 9728K, used 6118K [0x00000000eab00000, 0x00000000ebf80000, 0x0000000100000000)
  eden space 3584K, 0% used [0x00000000eab00000,0x00000000eab00000,0x00000000eae80000)
  from space 6144K, 99% used [0x00000000eae80000,0x00000000eb4799e0,0x00000000eb480000)
  to   space 8704K, 0% used [0x00000000eb700000,0x00000000eb700000,0x00000000ebf80000)
 ParOldGen       total 322560K, used 300290K [0x00000000c0000000, 0x00000000d3b00000, 0x00000000eab00000)
  object space 322560K, 93% used [0x00000000c0000000,0x00000000d2540a30,0x00000000d3b00000)
 Metaspace       used 54703K, committed 55616K, reserved 1114112K
  class space    used 5890K, committed 6272K, reserved 1048576K
}
Event: 46.484 GC heap before
{Heap before GC invocations=192 (full 12):
 PSYoungGen      total 9728K, used 9577K [0x00000000eab00000, 0x00000000ebf80000, 0x0000000100000000)
  eden space 3584K, 96% used [0x00000000eab00000,0x00000000eae60d30,0x00000000eae80000)
  from space 6144K, 99% used [0x00000000eae80000,0x00000000eb4799e0,0x00000000eb480000)
  to   space 8704K, 0% used [0x00000000eb700000,0x00000000eb700000,0x00000000ebf80000)
 ParOldGen       total 322560K, used 300290K [0x00000000c0000000, 0x00000000d3b00000, 0x00000000eab00000)
  object space 322560K, 93% used [0x00000000c0000000,0x00000000d2540a30,0x00000000d3b00000)
 Metaspace       used 54703K, committed 55616K, reserved 1114112K
  class space    used 5890K, committed 6272K, reserved 1048576K
}
Event: 46.499 GC heap after
{Heap after GC invocations=192 (full 12):
 PSYoungGen      total 12288K, used 8034K [0x00000000eab00000, 0x00000000ebf00000, 0x0000000100000000)
  eden space 4096K, 0% used [0x00000000eab00000,0x00000000eab00000,0x00000000eaf00000)
  from space 8192K, 98% used [0x00000000eb700000,0x00000000ebed8840,0x00000000ebf00000)
  to   space 8192K, 0% used [0x00000000eaf00000,0x00000000eaf00000,0x00000000eb700000)
 ParOldGen       total 322560K, used 301906K [0x00000000c0000000, 0x00000000d3b00000, 0x00000000eab00000)
  object space 322560K, 93% used [0x00000000c0000000,0x00000000d26d4868,0x00000000d3b00000)
 Metaspace       used 54703K, committed 55616K, reserved 1114112K
  class space    used 5890K, committed 6272K, reserved 1048576K
}
Event: 46.651 GC heap before
{Heap before GC invocations=193 (full 12):
 PSYoungGen      total 12288K, used 12130K [0x00000000eab00000, 0x00000000ebf00000, 0x0000000100000000)
  eden space 4096K, 100% used [0x00000000eab00000,0x00000000eaf00000,0x00000000eaf00000)
  from space 8192K, 98% used [0x00000000eb700000,0x00000000ebed8840,0x00000000ebf00000)
  to   space 8192K, 0% used [0x00000000eaf00000,0x00000000eaf00000,0x00000000eb700000)
 ParOldGen       total 322560K, used 301906K [0x00000000c0000000, 0x00000000d3b00000, 0x00000000eab00000)
  object space 322560K, 93% used [0x00000000c0000000,0x00000000d26d4868,0x00000000d3b00000)
 Metaspace       used 54703K, committed 55616K, reserved 1114112K
  class space    used 5890K, committed 6272K, reserved 1048576K
}
Event: 46.666 GC heap after
{Heap after GC invocations=193 (full 12):
 PSYoungGen      total 12288K, used 8188K [0x00000000eab00000, 0x00000000ec880000, 0x0000000100000000)
  eden space 4096K, 0% used [0x00000000eab00000,0x00000000eab00000,0x00000000eaf00000)
  from space 8192K, 99% used [0x00000000eaf00000,0x00000000eb6ff328,0x00000000eb700000)
  to   space 12800K, 0% used [0x00000000ebc00000,0x00000000ebc00000,0x00000000ec880000)
 ParOldGen       total 322560K, used 305722K [0x00000000c0000000, 0x00000000d3b00000, 0x00000000eab00000)
  object space 322560K, 94% used [0x00000000c0000000,0x00000000d2a8eb20,0x00000000d3b00000)
 Metaspace       used 54703K, committed 55616K, reserved 1114112K
  class space    used 5890K, committed 6272K, reserved 1048576K
}
Event: 46.833 GC heap before
{Heap before GC invocations=194 (full 12):
 PSYoungGen      total 12288K, used 11778K [0x00000000eab00000, 0x00000000ec880000, 0x0000000100000000)
  eden space 4096K, 87% used [0x00000000eab00000,0x00000000eae81730,0x00000000eaf00000)
  from space 8192K, 99% used [0x00000000eaf00000,0x00000000eb6ff328,0x00000000eb700000)
  to   space 12800K, 0% used [0x00000000ebc00000,0x00000000ebc00000,0x00000000ec880000)
 ParOldGen       total 322560K, used 305722K [0x00000000c0000000, 0x00000000d3b00000, 0x00000000eab00000)
  object space 322560K, 94% used [0x00000000c0000000,0x00000000d2a8eb20,0x00000000d3b00000)
 Metaspace       used 54720K, committed 55616K, reserved 1114112K
  class space    used 5890K, committed 6272K, reserved 1048576K
}
Event: 46.848 GC heap after
{Heap after GC invocations=194 (full 12):
 PSYoungGen      total 13312K, used 8344K [0x00000000eab00000, 0x00000000ec480000, 0x0000000100000000)
  eden space 4608K, 0% used [0x00000000eab00000,0x00000000eab00000,0x00000000eaf80000)
  from space 8704K, 95% used [0x00000000ebc00000,0x00000000ec426298,0x00000000ec480000)
  to   space 9728K, 0% used [0x00000000eb180000,0x00000000eb180000,0x00000000ebb00000)
 ParOldGen       total 322560K, used 309173K [0x00000000c0000000, 0x00000000d3b00000, 0x00000000eab00000)
  object space 322560K, 95% used [0x00000000c0000000,0x00000000d2ded7a8,0x00000000d3b00000)
 Metaspace       used 54720K, committed 55616K, reserved 1114112K
  class space    used 5890K, committed 6272K, reserved 1048576K
}

