# JRE version: OpenJDK Runtime Environment Temurin-17.0.10+7 (17.0.10+7) (build 17.0.10+7)
# Java VM: OpenJDK 64-Bit Server VM Temurin-17.0.10+7 (17.0.10+7, mixed mode, tiered, compressed oops, compressed class ptrs, parallel gc, windows-amd64)
GC Precious Log:
 CPUs: 8 total, 8 available
 Memory: 6058M
 Large Page Support: Disabled
 NUMA Support: Disabled
 Compressed Oops: Enabled (32-bit)
 Alignments: Space 512K, Generation 512K, Heap 2M
 Heap Min Capacity: 100M
 Heap Initial Capacity: 100M
 Heap Max Capacity: 1G
 Pre-touch: Disabled
 Parallel Workers: 8
Heap:
 PSYoungGen      total 30720K, used 2893K [0x00000000eab00000, 0x00000000ed880000, 0x0000000100000000)
  eden space 27648K, 0% used [0x00000000eab00000,0x00000000eab00000,0x00000000ec600000)
  from space 3072K, 94% used [0x00000000ed580000,0x00000000ed853678,0x00000000ed880000)
  to   space 7168K, 0% used [0x00000000eca80000,0x00000000eca80000,0x00000000ed180000)
 ParOldGen       total 382976K, used 379691K [0x00000000c0000000, 0x00000000d7600000, 0x00000000eab00000)
  object space 382976K, 99% used [0x00000000c0000000,0x00000000d72cac70,0x00000000d7600000)
 Metaspace       used 69006K, committed 70080K, reserved 1114112K
  class space    used 7279K, committed 7680K, reserved 1048576K
GC Heap History (20 events):
Event: 100.109 GC heap after
{Heap after GC invocations=228 (full 14):
 PSYoungGen      total 36352K, used 7668K [0x00000000eab00000, 0x00000000ee000000, 0x0000000100000000)
  eden space 28672K, 0% used [0x00000000eab00000,0x00000000eab00000,0x00000000ec700000)
  from space 7680K, 99% used [0x00000000ed800000,0x00000000edf7d0d0,0x00000000edf80000)
  to   space 512K, 0% used [0x00000000edf80000,0x00000000edf80000,0x00000000ee000000)
 ParOldGen       total 367616K, used 335273K [0x00000000c0000000, 0x00000000d6700000, 0x00000000eab00000)
  object space 367616K, 91% used [0x00000000c0000000,0x00000000d476a7e8,0x00000000d6700000)
 Metaspace       used 57587K, committed 58688K, reserved 1114112K
  class space    used 6115K, committed 6592K, reserved 1048576K
}
Event: 100.603 GC heap before
{Heap before GC invocations=229 (full 14):
 PSYoungGen      total 36352K, used 36340K [0x00000000eab00000, 0x00000000ee000000, 0x0000000100000000)
  eden space 28672K, 100% used [0x00000000eab00000,0x00000000ec700000,0x00000000ec700000)
  from space 7680K, 99% used [0x00000000ed800000,0x00000000edf7d0d0,0x00000000edf80000)
  to   space 512K, 0% used [0x00000000edf80000,0x00000000edf80000,0x00000000ee000000)
 ParOldGen       total 367616K, used 335273K [0x00000000c0000000, 0x00000000d6700000, 0x00000000eab00000)
  object space 367616K, 91% used [0x00000000c0000000,0x00000000d476a7e8,0x00000000d6700000)
 Metaspace       used 58949K, committed 60096K, reserved 1114112K
  class space    used 6248K, committed 6720K, reserved 1048576K
}
Event: 100.619 GC heap after
{Heap after GC invocations=229 (full 14):
 PSYoungGen      total 28672K, used 512K [0x00000000eab00000, 0x00000000ee000000, 0x0000000100000000)
  eden space 28160K, 0% used [0x00000000eab00000,0x00000000eab00000,0x00000000ec680000)
  from space 512K, 100% used [0x00000000edf80000,0x00000000ee000000,0x00000000ee000000)
  to   space 10240K, 0% used [0x00000000ecc00000,0x00000000ecc00000,0x00000000ed600000)
 ParOldGen       total 367616K, used 344272K [0x00000000c0000000, 0x00000000d6700000, 0x00000000eab00000)
  object space 367616K, 93% used [0x00000000c0000000,0x00000000d5034080,0x00000000d6700000)
 Metaspace       used 58949K, committed 60096K, reserved 1114112K
  class space    used 6248K, committed 6720K, reserved 1048576K
}
Event: 101.834 GC heap before
{Heap before GC invocations=230 (full 14):
 PSYoungGen      total 28672K, used 28672K [0x00000000eab00000, 0x00000000ee000000, 0x0000000100000000)
  eden space 28160K, 100% used [0x00000000eab00000,0x00000000ec680000,0x00000000ec680000)
  from space 512K, 100% used [0x00000000edf80000,0x00000000ee000000,0x00000000ee000000)
  to   space 10240K, 0% used [0x00000000ecc00000,0x00000000ecc00000,0x00000000ed600000)
 ParOldGen       total 367616K, used 344272K [0x00000000c0000000, 0x00000000d6700000, 0x00000000eab00000)
  object space 367616K, 93% used [0x00000000c0000000,0x00000000d5034080,0x00000000d6700000)
 Metaspace       used 60438K, committed 61568K, reserved 1114112K
  class space    used 6442K, committed 6912K, reserved 1048576K
}
Event: 101.840 GC heap after
{Heap after GC invocations=230 (full 14):
 PSYoungGen      total 37888K, used 1046K [0x00000000eab00000, 0x00000000ee000000, 0x0000000100000000)
  eden space 27648K, 0% used [0x00000000eab00000,0x00000000eab00000,0x00000000ec600000)
  from space 10240K, 10% used [0x00000000ecc00000,0x00000000ecd05b70,0x00000000ed600000)
  to   space 4608K, 0% used [0x00000000edb80000,0x00000000edb80000,0x00000000ee000000)
 ParOldGen       total 367616K, used 344533K [0x00000000c0000000, 0x00000000d6700000, 0x00000000eab00000)
  object space 367616K, 93% used [0x00000000c0000000,0x00000000d50756f0,0x00000000d6700000)
 Metaspace       used 60438K, committed 61568K, reserved 1114112K
  class space    used 6442K, committed 6912K, reserved 1048576K
}
Event: 102.318 GC heap before
{Heap before GC invocations=231 (full 14):
 PSYoungGen      total 37888K, used 28610K [0x00000000eab00000, 0x00000000ee000000, 0x0000000100000000)
  eden space 27648K, 99% used [0x00000000eab00000,0x00000000ec5eaf98,0x00000000ec600000)
  from space 10240K, 10% used [0x00000000ecc00000,0x00000000ecd05b70,0x00000000ed600000)
  to   space 4608K, 0% used [0x00000000edb80000,0x00000000edb80000,0x00000000ee000000)
 ParOldGen       total 367616K, used 344533K [0x00000000c0000000, 0x00000000d6700000, 0x00000000eab00000)
  object space 367616K, 93% used [0x00000000c0000000,0x00000000d50756f0,0x00000000d6700000)
 Metaspace       used 62010K, committed 63104K, reserved 1114112K
  class space    used 6602K, committed 7040K, reserved 1048576K
}
Event: 102.327 GC heap after
{Heap after GC invocations=231 (full 14):
 PSYoungGen      total 32256K, used 4597K [0x00000000eab00000, 0x00000000ee000000, 0x0000000100000000)
  eden space 27648K, 0% used [0x00000000eab00000,0x00000000eab00000,0x00000000ec600000)
  from space 4608K, 99% used [0x00000000edb80000,0x00000000edffd7b0,0x00000000ee000000)
  to   space 6144K, 0% used [0x00000000ed400000,0x00000000ed400000,0x00000000eda00000)
 ParOldGen       total 367616K, used 345173K [0x00000000c0000000, 0x00000000d6700000, 0x00000000eab00000)
  object space 367616K, 93% used [0x00000000c0000000,0x00000000d51156f0,0x00000000d6700000)
 Metaspace       used 62010K, committed 63104K, reserved 1114112K
  class space    used 6602K, committed 7040K, reserved 1048576K
}
Event: 102.530 GC heap before
{Heap before GC invocations=232 (full 14):
 PSYoungGen      total 32256K, used 32106K [0x00000000eab00000, 0x00000000ee000000, 0x0000000100000000)
  eden space 27648K, 99% used [0x00000000eab00000,0x00000000ec5dd0f0,0x00000000ec600000)
  from space 4608K, 99% used [0x00000000edb80000,0x00000000edffd7b0,0x00000000ee000000)
  to   space 6144K, 0% used [0x00000000ed400000,0x00000000ed400000,0x00000000eda00000)
 ParOldGen       total 367616K, used 345173K [0x00000000c0000000, 0x00000000d6700000, 0x00000000eab00000)
  object space 367616K, 93% used [0x00000000c0000000,0x00000000d51156f0,0x00000000d6700000)
 Metaspace       used 62187K, committed 63296K, reserved 1114112K
  class space    used 6619K, committed 7104K, reserved 1048576K
}
Event: 102.539 GC heap after
{Heap after GC invocations=232 (full 14):
 PSYoungGen      total 29696K, used 2036K [0x00000000eab00000, 0x00000000edc00000, 0x0000000100000000)
  eden space 27648K, 0% used [0x00000000eab00000,0x00000000eab00000,0x00000000ec600000)
  from space 2048K, 99% used [0x00000000ed400000,0x00000000ed5fd3e8,0x00000000ed600000)
  to   space 3584K, 0% used [0x00000000ed880000,0x00000000ed880000,0x00000000edc00000)
 ParOldGen       total 367616K, used 346092K [0x00000000c0000000, 0x00000000d6700000, 0x00000000eab00000)
  object space 367616K, 94% used [0x00000000c0000000,0x00000000d51fb078,0x00000000d6700000)
 Metaspace       used 62187K, committed 63296K, reserved 1114112K
  class space    used 6619K, committed 7104K, reserved 1048576K
}
Event: 114.783 GC heap before
{Heap before GC invocations=233 (full 14):
 PSYoungGen      total 29696K, used 29684K [0x00000000eab00000, 0x00000000edc00000, 0x0000000100000000)
  eden space 27648K, 100% used [0x00000000eab00000,0x00000000ec600000,0x00000000ec600000)
  from space 2048K, 99% used [0x00000000ed400000,0x00000000ed5fd3e8,0x00000000ed600000)
  to   space 3584K, 0% used [0x00000000ed880000,0x00000000ed880000,0x00000000edc00000)
 ParOldGen       total 367616K, used 346092K [0x00000000c0000000, 0x00000000d6700000, 0x00000000eab00000)
  object space 367616K, 94% used [0x00000000c0000000,0x00000000d51fb078,0x00000000d6700000)
 Metaspace       used 64907K, committed 66048K, reserved 1114112K
  class space    used 6875K, committed 7360K, reserved 1048576K
}
Event: 114.793 GC heap after
{Heap after GC invocations=233 (full 14):
 PSYoungGen      total 29696K, used 1937K [0x00000000eab00000, 0x00000000eda80000, 0x0000000100000000)
  eden space 27648K, 0% used [0x00000000eab00000,0x00000000eab00000,0x00000000ec600000)
  from space 2048K, 94% used [0x00000000ed880000,0x00000000eda64578,0x00000000eda80000)
  to   space 2560K, 0% used [0x00000000ed580000,0x00000000ed580000,0x00000000ed800000)
 ParOldGen       total 367616K, used 346100K [0x00000000c0000000, 0x00000000d6700000, 0x00000000eab00000)
  object space 367616K, 94% used [0x00000000c0000000,0x00000000d51fd078,0x00000000d6700000)
 Metaspace       used 64907K, committed 66048K, reserved 1114112K
  class space    used 6875K, committed 7360K, reserved 1048576K
}
Event: 137.839 GC heap before
{Heap before GC invocations=234 (full 14):
 PSYoungGen      total 29696K, used 29585K [0x00000000eab00000, 0x00000000eda80000, 0x0000000100000000)
  eden space 27648K, 100% used [0x00000000eab00000,0x00000000ec600000,0x00000000ec600000)
  from space 2048K, 94% used [0x00000000ed880000,0x00000000eda64578,0x00000000eda80000)
  to   space 2560K, 0% used [0x00000000ed580000,0x00000000ed580000,0x00000000ed800000)
 ParOldGen       total 367616K, used 346100K [0x00000000c0000000, 0x00000000d6700000, 0x00000000eab00000)
  object space 367616K, 94% used [0x00000000c0000000,0x00000000d51fd078,0x00000000d6700000)
 Metaspace       used 65727K, committed 66816K, reserved 1114112K
  class space    used 6948K, committed 7360K, reserved 1048576K
}
Event: 137.849 GC heap after
{Heap after GC invocations=234 (full 14):
 PSYoungGen      total 30208K, used 2545K [0x00000000eab00000, 0x00000000ed900000, 0x0000000100000000)
  eden space 27648K, 0% used [0x00000000eab00000,0x00000000eab00000,0x00000000ec600000)
  from space 2560K, 99% used [0x00000000ed580000,0x00000000ed7fc6e8,0x00000000ed800000)
  to   space 1024K, 0% used [0x00000000ed800000,0x00000000ed800000,0x00000000ed900000)
 ParOldGen       total 367616K, used 346204K [0x00000000c0000000, 0x00000000d6700000, 0x00000000eab00000)
  object space 367616K, 94% used [0x00000000c0000000,0x00000000d5217078,0x00000000d6700000)
 Metaspace       used 65727K, committed 66816K, reserved 1114112K
  class space    used 6948K, committed 7360K, reserved 1048576K
}
Event: 139.127 GC heap before
{Heap before GC invocations=235 (full 14):
 PSYoungGen      total 30208K, used 30193K [0x00000000eab00000, 0x00000000ed900000, 0x0000000100000000)
  eden space 27648K, 100% used [0x00000000eab00000,0x00000000ec600000,0x00000000ec600000)
  from space 2560K, 99% used [0x00000000ed580000,0x00000000ed7fc6e8,0x00000000ed800000)
  to   space 1024K, 0% used [0x00000000ed800000,0x00000000ed800000,0x00000000ed900000)
 ParOldGen       total 367616K, used 346204K [0x00000000c0000000, 0x00000000d6700000, 0x00000000eab00000)
  object space 367616K, 94% used [0x00000000c0000000,0x00000000d5217078,0x00000000d6700000)
 Metaspace       used 68285K, committed 69376K, reserved 1114112K
  class space    used 7200K, committed 7616K, reserved 1048576K
}
Event: 139.141 GC heap after
{Heap after GC invocations=235 (full 14):
 PSYoungGen      total 28672K, used 1016K [0x00000000eab00000, 0x00000000ed900000, 0x0000000100000000)
  eden space 27648K, 0% used [0x00000000eab00000,0x00000000eab00000,0x00000000ec600000)
  from space 1024K, 99% used [0x00000000ed800000,0x00000000ed8fe300,0x00000000ed900000)
  to   space 6656K, 0% used [0x00000000ecc00000,0x00000000ecc00000,0x00000000ed280000)
 ParOldGen       total 367616K, used 350992K [0x00000000c0000000, 0x00000000d6700000, 0x00000000eab00000)
  object space 367616K, 95% used [0x00000000c0000000,0x00000000d56c4150,0x00000000d6700000)
 Metaspace       used 68285K, committed 69376K, reserved 1114112K
  class space    used 7200K, committed 7616K, reserved 1048576K
}
Event: 139.864 GC heap before
{Heap before GC invocations=236 (full 14):
 PSYoungGen      total 28672K, used 27692K [0x00000000eab00000, 0x00000000ed900000, 0x0000000100000000)
  eden space 27648K, 96% used [0x00000000eab00000,0x00000000ec50ce90,0x00000000ec600000)
  from space 1024K, 99% used [0x00000000ed800000,0x00000000ed8fe300,0x00000000ed900000)
  to   space 6656K, 0% used [0x00000000ecc00000,0x00000000ecc00000,0x00000000ed280000)
 ParOldGen       total 367616K, used 350992K [0x00000000c0000000, 0x00000000d6700000, 0x00000000eab00000)
  object space 367616K, 95% used [0x00000000c0000000,0x00000000d56c4150,0x00000000d6700000)
 Metaspace       used 68873K, committed 69952K, reserved 1114112K
  class space    used 7268K, committed 7680K, reserved 1048576K
}
Event: 139.885 GC heap after
{Heap after GC invocations=236 (full 14):
 PSYoungGen      total 34304K, used 6633K [0x00000000eab00000, 0x00000000ee500000, 0x0000000100000000)
  eden space 27648K, 0% used [0x00000000eab00000,0x00000000eab00000,0x00000000ec600000)
  from space 6656K, 99% used [0x00000000ecc00000,0x00000000ed27a4c0,0x00000000ed280000)
  to   space 15872K, 0% used [0x00000000ed580000,0x00000000ed580000,0x00000000ee500000)
 ParOldGen       total 367616K, used 358208K [0x00000000c0000000, 0x00000000d6700000, 0x00000000eab00000)
  object space 367616K, 97% used [0x00000000c0000000,0x00000000d5dd0100,0x00000000d6700000)
 Metaspace       used 68873K, committed 69952K, reserved 1114112K
  class space    used 7268K, committed 7680K, reserved 1048576K
}
Event: 140.069 GC heap before
{Heap before GC invocations=237 (full 14):
 PSYoungGen      total 34304K, used 34281K [0x00000000eab00000, 0x00000000ee500000, 0x0000000100000000)
  eden space 27648K, 100% used [0x00000000eab00000,0x00000000ec600000,0x00000000ec600000)
  from space 6656K, 99% used [0x00000000ecc00000,0x00000000ed27a4c0,0x00000000ed280000)
  to   space 15872K, 0% used [0x00000000ed580000,0x00000000ed580000,0x00000000ee500000)
 ParOldGen       total 367616K, used 358210K [0x00000000c0000000, 0x00000000d6700000, 0x00000000eab00000)
  object space 367616K, 97% used [0x00000000c0000000,0x00000000d5dd0b50,0x00000000d6700000)
 Metaspace       used 69006K, committed 70080K, reserved 1114112K
  class space    used 7279K, committed 7680K, reserved 1048576K
}
Event: 140.100 GC heap after
{Heap after GC invocations=237 (full 14):
 PSYoungGen      total 30720K, used 2893K [0x00000000eab00000, 0x00000000ed880000, 0x0000000100000000)
  eden space 27648K, 0% used [0x00000000eab00000,0x00000000eab00000,0x00000000ec600000)
  from space 3072K, 94% used [0x00000000ed580000,0x00000000ed853678,0x00000000ed880000)
  to   space 7168K, 0% used [0x00000000eca80000,0x00000000eca80000,0x00000000ed180000)
 ParOldGen       total 382976K, used 379691K [0x00000000c0000000, 0x00000000d7600000, 0x00000000eab00000)
  object space 382976K, 99% used [0x00000000c0000000,0x00000000d72cac70,0x00000000d7600000)
 Metaspace       used 69006K, committed 70080K, reserved 1114112K
  class space    used 7279K, committed 7680K, reserved 1048576K
}
Event: 140.100 GC heap before
{Heap before GC invocations=238 (full 15):
 PSYoungGen      total 30720K, used 2893K [0x00000000eab00000, 0x00000000ed880000, 0x0000000100000000)
  eden space 27648K, 0% used [0x00000000eab00000,0x00000000eab00000,0x00000000ec600000)
  from space 3072K, 94% used [0x00000000ed580000,0x00000000ed853678,0x00000000ed880000)
  to   space 7168K, 0% used [0x00000000eca80000,0x00000000eca80000,0x00000000ed180000)
 ParOldGen       total 382976K, used 379691K [0x00000000c0000000, 0x00000000d7600000, 0x00000000eab00000)
  object space 382976K, 99% used [0x00000000c0000000,0x00000000d72cac70,0x00000000d7600000)
 Metaspace       used 69006K, committed 70080K, reserved 1114112K
  class space    used 7279K, committed 7680K, reserved 1048576K
}

